<?xml version="1.0" encoding="UTF-8"?>
<!-- Generated by org.testng.reporters.JUnitReportReporter -->
<testsuite skipped="0" hostname="LAPTOP-GI6MMR22" name="testPages.TestHomepage" tests="1" failures="0" timestamp="08 Oct 2017 18:12:08 GMT" time="13.339" errors="0">
  <testcase name="clickSearchBox" time="13.339" classname="testPages.TestHomepage"/>
</testsuite> <!-- testPages.TestHomepage -->
